\BOOKMARK [0][-]{chapter*.3}{List of Tables}{}% 1
\BOOKMARK [0][-]{chapter*.4}{List of Figures}{}% 2
\BOOKMARK [0][-]{chapter.1}{Introduction}{}% 3
\BOOKMARK [0][-]{chapter.2}{Requirement Analysis}{}% 4
\BOOKMARK [1][-]{section.2.1}{Purpose}{chapter.2}% 5
\BOOKMARK [1][-]{section.2.2}{Overall Description}{chapter.2}% 6
\BOOKMARK [1][-]{section.2.3}{Functional requirements}{chapter.2}% 7
\BOOKMARK [1][-]{section.2.4}{Non Functional requirements}{chapter.2}% 8
\BOOKMARK [0][-]{chapter.3}{Design And Implementation}{}% 9
\BOOKMARK [1][-]{section.3.1}{Overall Design}{chapter.3}% 10
\BOOKMARK [2][-]{subsection.3.1.1}{System Design}{section.3.1}% 11
\BOOKMARK [2][-]{subsection.3.1.2}{Database Design}{section.3.1}% 12
\BOOKMARK [2][-]{subsection.3.1.3}{User Interface Design}{section.3.1}% 13
\BOOKMARK [0][-]{chapter.4}{Coding}{}% 14
\BOOKMARK [0][-]{chapter.5}{Testing and Implementation}{}% 15
\BOOKMARK [1][-]{section.5.1}{All the possible testing methods done for the project}{chapter.5}% 16
\BOOKMARK [2][-]{subsection.5.1.1}{Unit Testing}{section.5.1}% 17
\BOOKMARK [2][-]{subsection.5.1.2}{Integration Testing}{section.5.1}% 18
\BOOKMARK [2][-]{subsection.5.1.3}{System Testing}{section.5.1}% 19
\BOOKMARK [1][-]{section.5.2}{Advantages and Limitations}{chapter.5}% 20
\BOOKMARK [1][-]{section.5.3}{Future Extensions if possible}{chapter.5}% 21
\BOOKMARK [0][-]{chapter.6}{Conclusion}{}% 22
